\BOOKMARK [0][]{chapter.1}{\376\377\004\041\004\070\004\101\004\102\004\065\004\075\004\075\004\117\000\040\004\126\004\075\004\104\004\076\004\100\004\074\004\060\004\106\004\126\004\117\000\040\004\067\004\060\000\040\004\064\004\076\004\077\004\076\004\074\004\076\004\063\004\076\004\116\000\040\004\061\004\126\004\075\004\060\004\100\004\075\004\070\004\105\000\040\004\064\004\065\004\100\004\065\004\062}{}% 1
\BOOKMARK [1][]{section.1.1}{\376\377\004\022\004\101\004\102\004\103\004\077}{chapter.1}% 2
\BOOKMARK [1][]{section.1.2}{\376\377\004\032\004\073\004\116\004\107\004\076\004\062\004\126\000\040\004\102\004\065\004\100\004\074\004\126\004\075\004\070}{chapter.1}% 3
\BOOKMARK [1][]{section.1.3}{\376\377\004\040\004\076\004\067\004\110\004\070\004\100\004\065\004\075\004\126\000\040\004\102\004\065\004\076\004\100\004\065\004\102\004\070\004\107\004\075\004\126\000\040\004\062\004\126\004\064\004\076\004\074\004\076\004\101\004\102\004\126}{chapter.1}% 4
\BOOKMARK [1][]{section.1.4}{\376\377\004\037\004\100\004\070\004\072\004\073\004\060\004\064\004\070\000\040\004\076\004\061\004\107\004\070\004\101\004\073\004\065\004\075\004\114}{chapter.1}% 5
\BOOKMARK [0][]{chapter.2}{\376\377\004\037\004\100\004\065\004\064\004\101\004\102\004\060\004\062\004\073\004\065\004\075\004\075\004\117\000\040\004\062\004\070\004\100\004\060\004\067\004\126\004\062\000\040\004\067\004\060\000\040\004\064\004\076\004\077\004\076\004\074\004\076\004\063\004\076\004\116\000\040\004\064\004\065\004\100\004\065\004\062}{}% 6
\BOOKMARK [1][]{section.2.1}{\376\377\004\022\004\101\004\102\004\103\004\077}{chapter.2}% 7
\BOOKMARK [1][]{section.2.2}{\376\377\004\032\004\073\004\116\004\107\004\076\004\062\004\126\000\040\004\102\004\065\004\100\004\074\004\126\004\075\004\070}{chapter.2}% 8
\BOOKMARK [1][]{section.2.3}{\376\377\004\040\004\076\004\067\004\110\004\070\004\100\004\065\004\075\004\126\000\040\004\102\004\065\004\076\004\100\004\065\004\102\004\070\004\107\004\075\004\126\000\040\004\062\004\126\004\064\004\076\004\074\004\076\004\101\004\102\004\126}{chapter.2}% 9
\BOOKMARK [1][]{section.2.4}{\376\377\004\037\004\100\004\070\004\072\004\073\004\060\004\064\004\070\000\040\004\076\004\061\004\107\004\070\004\101\004\073\004\065\004\075\004\114}{chapter.2}% 10
\BOOKMARK [0][]{chapter.3}{\376\377\004\037\004\100\004\065\004\064\004\101\004\102\004\060\004\062\004\073\004\065\004\075\004\075\004\117\000\040\004\061\004\060\004\063\004\060\004\102\004\076\004\100\004\076\004\067\004\063\004\060\004\073\004\103\004\066\004\065\004\075\004\070\004\105\000\040\004\064\004\065\004\100\004\065\004\062}{}% 11
\BOOKMARK [1][]{section.3.1}{\376\377\004\022\004\101\004\102\004\103\004\077}{chapter.3}% 12
\BOOKMARK [1][]{section.3.2}{\376\377\004\032\004\073\004\116\004\107\004\076\004\062\004\126\000\040\004\102\004\065\004\100\004\074\004\126\004\075\004\070}{chapter.3}% 13
\BOOKMARK [1][]{section.3.3}{\376\377\004\040\004\076\004\067\004\110\004\070\004\100\004\065\004\075\004\126\000\040\004\102\004\065\004\076\004\100\004\065\004\102\004\070\004\107\004\075\004\126\000\040\004\062\004\126\004\064\004\076\004\074\004\076\004\101\004\102\004\126}{chapter.3}% 14
\BOOKMARK [1][]{section.3.4}{\376\377\004\037\004\100\004\070\004\072\004\073\004\060\004\064\004\070\000\040\004\076\004\061\004\107\004\070\004\101\004\073\004\065\004\075\004\114}{chapter.3}% 15
\BOOKMARK [0][]{chapter.4}{\376\377\004\037\004\100\004\065\004\064\004\101\004\102\004\060\004\062\004\073\004\065\004\075\004\075\004\117\000\040\004\063\004\100\004\060\004\104\004\126\004\062}{}% 16
\BOOKMARK [1][]{section.4.1}{\376\377\004\022\004\101\004\102\004\103\004\077}{chapter.4}% 17
\BOOKMARK [1][]{section.4.2}{\376\377\004\032\004\073\004\116\004\107\004\076\004\062\004\126\000\040\004\102\004\065\004\100\004\074\004\126\004\075\004\070}{chapter.4}% 18
\BOOKMARK [1][]{section.4.3}{\376\377\004\040\004\076\004\067\004\110\004\070\004\100\004\065\004\075\004\126\000\040\004\102\004\065\004\076\004\100\004\065\004\102\004\070\004\107\004\075\004\126\000\040\004\062\004\126\004\064\004\076\004\074\004\076\004\101\004\102\004\126}{chapter.4}% 19
\BOOKMARK [1][]{section.4.4}{\376\377\004\037\004\100\004\070\004\072\004\073\004\060\004\064\004\070\000\040\004\076\004\061\004\107\004\070\004\101\004\073\004\065\004\075\004\114}{chapter.4}% 20
\BOOKMARK [0][]{chapter.5}{\376\377\004\020\004\073\004\063\004\076\004\100\004\070\004\102\004\074\004\070\000\040\004\075\004\060\000\040\004\063\004\100\004\060\004\104\004\060\004\105}{}% 21
\BOOKMARK [1][]{section.5.1}{\376\377\004\022\004\101\004\102\004\103\004\077}{chapter.5}% 22
\BOOKMARK [1][]{section.5.2}{\376\377\004\032\004\073\004\116\004\107\004\076\004\062\004\126\000\040\004\102\004\065\004\100\004\074\004\126\004\075\004\070}{chapter.5}% 23
\BOOKMARK [1][]{section.5.3}{\376\377\004\040\004\076\004\067\004\110\004\070\004\100\004\065\004\075\004\126\000\040\004\102\004\065\004\076\004\100\004\065\004\102\004\070\004\107\004\075\004\126\000\040\004\062\004\126\004\064\004\076\004\074\004\076\004\101\004\102\004\126}{chapter.5}% 24
\BOOKMARK [1][]{section.5.4}{\376\377\004\037\004\100\004\070\004\072\004\073\004\060\004\064\004\070\000\040\004\076\004\061\004\107\004\070\004\101\004\073\004\065\004\075\004\114}{chapter.5}% 25
\BOOKMARK [0][]{chapter.6}{\376\377\004\022\004\070\004\072\004\076\004\100\004\070\004\101\004\102\004\060\004\075\004\075\004\117\000\040\004\061\004\060\004\063\004\060\004\102\004\076\004\100\004\076\004\067\004\063\004\060\004\073\004\103\004\066\004\065\004\075\004\070\004\105\000\040\004\064\004\065\004\100\004\065\004\062}{}% 26
\BOOKMARK [1][]{section.6.1}{\376\377\004\022\004\101\004\102\004\103\004\077}{chapter.6}% 27
\BOOKMARK [1][]{section.6.2}{\376\377\004\032\004\073\004\116\004\107\004\076\004\062\004\126\000\040\004\102\004\065\004\100\004\074\004\126\004\075\004\070}{chapter.6}% 28
\BOOKMARK [1][]{section.6.3}{\376\377\004\040\004\076\004\067\004\110\004\070\004\100\004\065\004\075\004\126\000\040\004\102\004\065\004\076\004\100\004\065\004\102\004\070\004\107\004\075\004\126\000\040\004\062\004\126\004\064\004\076\004\074\004\076\004\101\004\102\004\126}{chapter.6}% 29
\BOOKMARK [1][]{section.6.4}{\376\377\004\037\004\100\004\070\004\072\004\073\004\060\004\064\004\070\000\040\004\076\004\061\004\107\004\070\004\101\004\073\004\065\004\075\004\114}{chapter.6}% 30
\BOOKMARK [0][]{chapter.7}{\376\377\004\020\004\073\004\063\004\076\004\100\004\070\004\102\004\074\004\070\000\040\004\101\004\076\004\100\004\102\004\103\004\062\004\060\004\075\004\075\004\117}{}% 31
\BOOKMARK [1][]{section.7.1}{\376\377\004\022\004\101\004\102\004\103\004\077}{chapter.7}% 32
\BOOKMARK [1][]{section.7.2}{\376\377\004\032\004\073\004\116\004\107\004\076\004\062\004\126\000\040\004\102\004\065\004\100\004\074\004\126\004\075\004\070}{chapter.7}% 33
\BOOKMARK [1][]{section.7.3}{\376\377\004\040\004\076\004\067\004\110\004\070\004\100\004\065\004\075\004\126\000\040\004\102\004\065\004\076\004\100\004\065\004\102\004\070\004\107\004\075\004\126\000\040\004\062\004\126\004\064\004\076\004\074\004\076\004\101\004\102\004\126}{chapter.7}% 34
\BOOKMARK [1][]{section.7.4}{\376\377\004\037\004\100\004\070\004\072\004\073\004\060\004\064\004\070\000\040\004\076\004\061\004\107\004\070\004\101\004\073\004\065\004\075\004\114}{chapter.7}% 35
\BOOKMARK [0][]{chapter.8}{\376\377\004\020\004\073\004\063\004\076\004\100\004\070\004\102\004\074\004\070\000\040\004\062\004\075\004\103\004\102\004\100\004\126\004\110\004\075\004\114\004\076\004\063\004\076\000\040\004\101\004\076\004\100\004\102\004\103\004\062\004\060\004\075\004\075\004\117}{}% 36
\BOOKMARK [1][]{section.8.1}{\376\377\004\022\004\101\004\102\004\103\004\077}{chapter.8}% 37
\BOOKMARK [1][]{section.8.2}{\376\377\004\032\004\073\004\116\004\107\004\076\004\062\004\126\000\040\004\102\004\065\004\100\004\074\004\126\004\075\004\070}{chapter.8}% 38
\BOOKMARK [1][]{section.8.3}{\376\377\004\040\004\076\004\067\004\110\004\070\004\100\004\065\004\075\004\126\000\040\004\102\004\065\004\076\004\100\004\065\004\102\004\070\004\107\004\075\004\126\000\040\004\062\004\126\004\064\004\076\004\074\004\076\004\101\004\102\004\126}{chapter.8}% 39
\BOOKMARK [1][]{section.8.4}{\376\377\004\037\004\100\004\070\004\072\004\073\004\060\004\064\004\070\000\040\004\076\004\061\004\107\004\070\004\101\004\073\004\065\004\075\004\114}{chapter.8}% 40
\BOOKMARK [0][]{chapter.9}{\376\377\004\020\004\073\004\063\004\076\004\100\004\070\004\102\004\074\004\070\000\040\004\067\004\076\004\062\004\075\004\126\004\110\004\075\004\114\004\076\004\063\004\076\000\040\004\101\004\076\004\100\004\102\004\103\004\062\004\060\004\075\004\075\004\117}{}% 41
\BOOKMARK [1][]{section.9.1}{\376\377\004\022\004\101\004\102\004\103\004\077}{chapter.9}% 42
\BOOKMARK [1][]{section.9.2}{\376\377\004\032\004\073\004\116\004\107\004\076\004\062\004\126\000\040\004\102\004\065\004\100\004\074\004\126\004\075\004\070}{chapter.9}% 43
\BOOKMARK [1][]{section.9.3}{\376\377\004\040\004\076\004\067\004\110\004\070\004\100\004\065\004\075\004\126\000\040\004\102\004\065\004\076\004\100\004\065\004\102\004\070\004\107\004\075\004\126\000\040\004\062\004\126\004\064\004\076\004\074\004\076\004\101\004\102\004\126}{chapter.9}% 44
\BOOKMARK [1][]{section.9.4}{\376\377\004\037\004\100\004\070\004\072\004\073\004\060\004\064\004\070\000\040\004\076\004\061\004\107\004\070\004\101\004\073\004\065\004\075\004\114}{chapter.9}% 45
\BOOKMARK [0][]{chapter.10}{\376\377\004\045\004\060\004\100\004\060\004\072\004\102\004\065\004\100\004\070\004\101\004\102\004\070\004\072\004\060\000\040\004\060\004\073\004\063\004\076\004\100\004\070\004\102\004\074\004\126\004\062\000\040\004\077\004\076\004\100\004\126\004\062\004\075\004\117\004\075\004\075\004\117\000\040\004\074\004\065\004\102\004\076\004\064\004\126\004\062\000\040\004\101\004\076\004\100\004\102\004\103\004\062\004\060\004\075\004\075\004\117}{}% 46
\BOOKMARK [1][]{section.10.1}{\376\377\004\022\004\101\004\102\004\103\004\077}{chapter.10}% 47
\BOOKMARK [1][]{section.10.2}{\376\377\004\032\004\073\004\116\004\107\004\076\004\062\004\126\000\040\004\102\004\065\004\100\004\074\004\126\004\075\004\070}{chapter.10}% 48
\BOOKMARK [1][]{section.10.3}{\376\377\004\040\004\076\004\067\004\110\004\070\004\100\004\065\004\075\004\126\000\040\004\102\004\065\004\076\004\100\004\065\004\102\004\070\004\107\004\075\004\126\000\040\004\062\004\126\004\064\004\076\004\074\004\076\004\101\004\102\004\126}{chapter.10}% 49
\BOOKMARK [1][]{section.10.4}{\376\377\004\037\004\100\004\070\004\072\004\073\004\060\004\064\004\070\000\040\004\076\004\061\004\107\004\070\004\101\004\073\004\065\004\075\004\114}{chapter.10}% 50
\BOOKMARK [0][]{chapter.11}{\376\377\004\020\004\073\004\063\004\076\004\100\004\070\004\102\004\074\004\070\000\040\004\100\004\076\004\067\004\077\004\076\004\064\004\126\004\073\004\103\000\040\004\076\004\061\004\107\004\070\004\101\004\073\004\116\004\062\004\060\004\073\004\114\004\075\004\076\004\063\004\076\000\040\004\077\004\100\004\076\004\106\004\065\004\101\004\101\004\103}{}% 51
\BOOKMARK [1][]{section.11.1}{\376\377\004\022\004\101\004\102\004\103\004\077}{chapter.11}% 52
\BOOKMARK [1][]{section.11.2}{\376\377\004\032\004\073\004\116\004\107\004\076\004\062\004\126\000\040\004\102\004\065\004\100\004\074\004\126\004\075\004\070}{chapter.11}% 53
\BOOKMARK [1][]{section.11.3}{\376\377\004\040\004\076\004\067\004\110\004\070\004\100\004\065\004\075\004\126\000\040\004\102\004\065\004\076\004\100\004\065\004\102\004\070\004\107\004\075\004\126\000\040\004\062\004\126\004\064\004\076\004\074\004\076\004\101\004\102\004\126}{chapter.11}% 54
\BOOKMARK [1][]{section.11.4}{\376\377\004\037\004\100\004\070\004\072\004\073\004\060\004\064\004\070\000\040\004\076\004\061\004\107\004\070\004\101\004\073\004\065\004\075\004\114}{chapter.11}% 55
\BOOKMARK [0][]{chapter.12}{\376\377\004\020\004\100\004\105\004\126\004\102\004\065\004\072\004\102\004\103\004\100\004\060\000\040\004\100\004\076\004\067\004\077\004\076\004\064\004\126\004\073\004\065\004\075\004\075\004\070\004\105\000\040\004\076\004\061\004\107\004\070\004\101\004\073\004\065\004\075\004\114}{}% 56
\BOOKMARK [1][]{section.12.1}{\376\377\004\022\004\101\004\102\004\103\004\077}{chapter.12}% 57
\BOOKMARK [1][]{section.12.2}{\376\377\004\032\004\073\004\116\004\107\004\076\004\062\004\126\000\040\004\102\004\065\004\100\004\074\004\126\004\075\004\070}{chapter.12}% 58
\BOOKMARK [1][]{section.12.3}{\376\377\004\040\004\076\004\067\004\110\004\070\004\100\004\065\004\075\004\126\000\040\004\102\004\065\004\076\004\100\004\065\004\102\004\070\004\107\004\075\004\126\000\040\004\062\004\126\004\064\004\076\004\074\004\076\004\101\004\102\004\126}{chapter.12}% 59
\BOOKMARK [1][]{section.12.4}{\376\377\004\037\004\100\004\070\004\072\004\073\004\060\004\064\004\070\000\040\004\076\004\061\004\107\004\070\004\101\004\073\004\065\004\075\004\114}{chapter.12}% 60
\BOOKMARK [0][]{chapter.13}{\376\377\004\037\004\100\004\076\004\106\004\065\004\101\004\070\000\040\004\126\000\040\004\077\004\076\004\102\004\076\004\072\004\070\000\040\004\062\000\040\004\076\004\061\004\107\004\070\004\101\004\073\004\065\004\075\004\075\004\126}{}% 61
\BOOKMARK [1][]{section.13.1}{\376\377\004\022\004\101\004\102\004\103\004\077}{chapter.13}% 62
\BOOKMARK [1][]{section.13.2}{\376\377\004\032\004\073\004\116\004\107\004\076\004\062\004\126\000\040\004\102\004\065\004\100\004\074\004\126\004\075\004\070}{chapter.13}% 63
\BOOKMARK [1][]{section.13.3}{\376\377\004\040\004\076\004\067\004\110\004\070\004\100\004\065\004\075\004\126\000\040\004\102\004\065\004\076\004\100\004\065\004\102\004\070\004\107\004\075\004\126\000\040\004\062\004\126\004\064\004\076\004\074\004\076\004\101\004\102\004\126}{chapter.13}% 64
\BOOKMARK [1][]{section.13.4}{\376\377\004\037\004\100\004\070\004\072\004\073\004\060\004\064\004\070\000\040\004\076\004\061\004\107\004\070\004\101\004\073\004\065\004\075\004\114}{chapter.13}% 65
\BOOKMARK [0][]{chapter.14}{\376\377\004\040\004\065\004\060\004\073\004\126\004\067\004\060\004\106\004\126\004\117\000\040\004\061\004\060\004\063\004\060\004\102\004\076\004\067\004\060\004\064\004\060\004\107\004\075\004\076\004\063\004\076\000\040\004\101\004\065\004\100\004\065\004\064\004\076\004\062\004\070\004\111\004\060}{}% 66
\BOOKMARK [1][]{section.14.1}{\376\377\004\022\004\101\004\102\004\103\004\077}{chapter.14}% 67
\BOOKMARK [1][]{section.14.2}{\376\377\004\032\004\073\004\116\004\107\004\076\004\062\004\126\000\040\004\102\004\065\004\100\004\074\004\126\004\075\004\070}{chapter.14}% 68
\BOOKMARK [1][]{section.14.3}{\376\377\004\040\004\076\004\067\004\110\004\070\004\100\004\065\004\075\004\126\000\040\004\102\004\065\004\076\004\100\004\065\004\102\004\070\004\107\004\075\004\126\000\040\004\062\004\126\004\064\004\076\004\074\004\076\004\101\004\102\004\126}{chapter.14}% 69
\BOOKMARK [1][]{section.14.4}{\376\377\004\037\004\100\004\070\004\072\004\073\004\060\004\064\004\070\000\040\004\076\004\061\004\107\004\070\004\101\004\073\004\065\004\075\004\114}{chapter.14}% 70
\BOOKMARK [0][]{chapter.15}{\376\377\004\021\004\126\004\061\004\073\004\126\004\076\004\102\004\065\004\072\004\070\000\040\004\076\004\100\004\063\004\060\004\075\004\126\004\067\004\060\004\106\004\126\004\127\000\040\004\100\004\076\004\067\004\077\004\076\004\064\004\126\004\073\004\065\004\075\004\070\004\105\000\040\004\076\004\061\004\107\004\070\004\101\004\073\004\065\004\075\004\114}{}% 71
\BOOKMARK [1][]{section.15.1}{\376\377\004\022\004\101\004\102\004\103\004\077}{chapter.15}% 72
\BOOKMARK [1][]{section.15.2}{\376\377\004\032\004\073\004\116\004\107\004\076\004\062\004\126\000\040\004\102\004\065\004\100\004\074\004\126\004\075\004\070}{chapter.15}% 73
\BOOKMARK [1][]{section.15.3}{\376\377\004\040\004\076\004\067\004\110\004\070\004\100\004\065\004\075\004\126\000\040\004\102\004\065\004\076\004\100\004\065\004\102\004\070\004\107\004\075\004\126\000\040\004\062\004\126\004\064\004\076\004\074\004\076\004\101\004\102\004\126}{chapter.15}% 74
\BOOKMARK [1][]{section.15.4}{\376\377\004\037\004\100\004\070\004\072\004\073\004\060\004\064\004\070\000\040\004\076\004\061\004\107\004\070\004\101\004\073\004\065\004\075\004\114}{chapter.15}% 75
\BOOKMARK [0][]{chapter.16}{\376\377\004\037\004\100\004\076\004\063\004\100\004\060\004\074\004\075\004\060\000\040\004\074\004\076\004\064\004\065\004\073\004\114\000\040\000O\000p\000e\000n\000M\000P}{}% 76
\BOOKMARK [1][]{section.16.1}{\376\377\004\022\004\101\004\102\004\103\004\077}{chapter.16}% 77
\BOOKMARK [1][]{section.16.2}{\376\377\004\032\004\073\004\116\004\107\004\076\004\062\004\126\000\040\004\102\004\065\004\100\004\074\004\126\004\075\004\070}{chapter.16}% 78
\BOOKMARK [1][]{section.16.3}{\376\377\004\040\004\076\004\067\004\110\004\070\004\100\004\065\004\075\004\126\000\040\004\102\004\065\004\076\004\100\004\065\004\102\004\070\004\107\004\075\004\126\000\040\004\062\004\126\004\064\004\076\004\074\004\076\004\101\004\102\004\126}{chapter.16}% 79
\BOOKMARK [1][]{section.16.4}{\376\377\004\037\004\100\004\070\004\072\004\073\004\060\004\064\004\070\000\040\004\076\004\061\004\107\004\070\004\101\004\073\004\065\004\075\004\114}{chapter.16}% 80
\BOOKMARK [0][]{chapter.17}{\376\377\004\032\004\076\004\075\004\101\004\102\004\100\004\103\004\072\004\106\004\126\004\127\000\040\000O\000p\000e\000n\000M\000P\000\040\004\064\004\073\004\117\000\040\004\100\004\076\004\067\004\077\004\076\004\064\004\126\004\073\004\103\000\040\004\100\004\076\004\061\004\126\004\102}{}% 81
\BOOKMARK [1][]{section.17.1}{\376\377\004\022\004\101\004\102\004\103\004\077}{chapter.17}% 82
\BOOKMARK [1][]{section.17.2}{\376\377\004\032\004\073\004\116\004\107\004\076\004\062\004\126\000\040\004\102\004\065\004\100\004\074\004\126\004\075\004\070}{chapter.17}% 83
\BOOKMARK [1][]{section.17.3}{\376\377\004\040\004\076\004\067\004\110\004\070\004\100\004\065\004\075\004\126\000\040\004\102\004\065\004\076\004\100\004\065\004\102\004\070\004\107\004\075\004\126\000\040\004\062\004\126\004\064\004\076\004\074\004\076\004\101\004\102\004\126}{chapter.17}% 84
\BOOKMARK [1][]{section.17.4}{\376\377\004\037\004\100\004\070\004\072\004\073\004\060\004\064\004\070\000\040\004\076\004\061\004\107\004\070\004\101\004\073\004\065\004\075\004\114}{chapter.17}% 85
\BOOKMARK [0][]{chapter.18}{\376\377\004\043\004\074\004\076\004\062\004\070\000\040\004\062\004\070\004\072\004\076\004\075\004\060\004\075\004\075\004\117\000\040\000\050\004\077\004\073\004\060\004\075\004\103\004\062\004\060\004\075\004\075\004\117\000\051}{}% 86
\BOOKMARK [1][]{section.18.1}{\376\377\004\022\004\101\004\102\004\103\004\077}{chapter.18}% 87
\BOOKMARK [1][]{section.18.2}{\376\377\004\032\004\073\004\116\004\107\004\076\004\062\004\126\000\040\004\102\004\065\004\100\004\074\004\126\004\075\004\070}{chapter.18}% 88
\BOOKMARK [1][]{section.18.3}{\376\377\004\040\004\076\004\067\004\110\004\070\004\100\004\065\004\075\004\126\000\040\004\102\004\065\004\076\004\100\004\065\004\102\004\070\004\107\004\075\004\126\000\040\004\062\004\126\004\064\004\076\004\074\004\076\004\101\004\102\004\126}{chapter.18}% 89
\BOOKMARK [1][]{section.18.4}{\376\377\004\037\004\100\004\070\004\072\004\073\004\060\004\064\004\070\000\040\004\076\004\061\004\107\004\070\004\101\004\073\004\065\004\075\004\114}{chapter.18}% 90
\BOOKMARK [0][]{chapter.19}{\376\377\004\021\004\126\004\061\004\073\004\126\004\076\004\102\004\065\004\107\004\075\004\126\000\040\004\104\004\103\004\075\004\072\004\106\004\126\004\127\000\040\000O\000p\000e\000n\000M\000P}{}% 91
\BOOKMARK [1][]{section.19.1}{\376\377\004\022\004\101\004\102\004\103\004\077}{chapter.19}% 92
\BOOKMARK [1][]{section.19.2}{\376\377\004\032\004\073\004\116\004\107\004\076\004\062\004\126\000\040\004\102\004\065\004\100\004\074\004\126\004\075\004\070}{chapter.19}% 93
\BOOKMARK [1][]{section.19.3}{\376\377\004\040\004\076\004\067\004\110\004\070\004\100\004\065\004\075\004\126\000\040\004\102\004\065\004\076\004\100\004\065\004\102\004\070\004\107\004\075\004\126\000\040\004\062\004\126\004\064\004\076\004\074\004\076\004\101\004\102\004\126}{chapter.19}% 94
\BOOKMARK [1][]{section.19.4}{\376\377\004\037\004\100\004\070\004\072\004\073\004\060\004\064\004\070\000\040\004\076\004\061\004\107\004\070\004\101\004\073\004\065\004\075\004\114}{chapter.19}% 95
\BOOKMARK [0][]{chapter.20}{\376\377\004\021\004\126\004\061\004\073\004\126\004\076\004\102\004\065\004\072\004\060\000\040\000M\000P\000I}{}% 96
\BOOKMARK [1][]{section.20.1}{\376\377\004\022\004\101\004\102\004\103\004\077}{chapter.20}% 97
\BOOKMARK [1][]{section.20.2}{\376\377\004\032\004\073\004\116\004\107\004\076\004\062\004\126\000\040\004\102\004\065\004\100\004\074\004\126\004\075\004\070}{chapter.20}% 98
\BOOKMARK [1][]{section.20.3}{\376\377\004\040\004\076\004\067\004\110\004\070\004\100\004\065\004\075\004\126\000\040\004\102\004\065\004\076\004\100\004\065\004\102\004\070\004\107\004\075\004\126\000\040\004\062\004\126\004\064\004\076\004\074\004\076\004\101\004\102\004\126}{chapter.20}% 99
\BOOKMARK [1][]{section.20.4}{\376\377\004\037\004\100\004\070\004\072\004\073\004\060\004\064\004\070\000\040\004\076\004\061\004\107\004\070\004\101\004\073\004\065\004\075\004\114}{chapter.20}% 100
\BOOKMARK [0][]{chapter.21}{\376\377\004\040\004\065\004\066\004\070\004\074\004\070\000\040\004\076\004\061\004\073\004\126\004\072\004\103\000\040\004\077\004\076\004\062\004\126\004\064\004\076\004\074\004\073\004\065\004\075\004\114\000\040\004\062\000\040\000M\000P\000I}{}% 101
\BOOKMARK [1][]{section.21.1}{\376\377\004\022\004\101\004\102\004\103\004\077}{chapter.21}% 102
\BOOKMARK [1][]{section.21.2}{\376\377\004\032\004\073\004\116\004\107\004\076\004\062\004\126\000\040\004\102\004\065\004\100\004\074\004\126\004\075\004\070}{chapter.21}% 103
\BOOKMARK [1][]{section.21.3}{\376\377\004\040\004\076\004\067\004\110\004\070\004\100\004\065\004\075\004\126\000\040\004\102\004\065\004\076\004\100\004\065\004\102\004\070\004\107\004\075\004\126\000\040\004\062\004\126\004\064\004\076\004\074\004\076\004\101\004\102\004\126}{chapter.21}% 104
\BOOKMARK [1][]{section.21.4}{\376\377\004\037\004\100\004\070\004\072\004\073\004\060\004\064\004\070\000\040\004\076\004\061\004\107\004\070\004\101\004\073\004\065\004\075\004\114}{chapter.21}% 105
\BOOKMARK [0][]{appendix.A}{\376\377\004\037\004\100\004\060\004\062\004\070\004\073\004\060\000\040\004\076\004\104\004\076\004\100\004\074\004\073\004\065\004\075\004\075\004\117\000\040\004\067\004\062\004\126\004\102\004\103}{}% 106
\BOOKMARK [1][]{section.A.1}{\376\377\004\042\004\070\004\102\004\103\004\073\004\114\004\075\004\060\000\040\004\101\004\102\004\076\004\100\004\126\004\075\004\072\004\060\000\040\004\073\004\060\004\061\004\076\004\100\004\060\004\102\004\076\004\100\004\075\004\076\004\127\000\040\004\100\004\076\004\061\004\076\004\102\004\070}{appendix.A}% 107
\BOOKMARK [1][]{section.A.2}{\376\377\004\037\004\100\004\070\004\072\004\073\004\060\004\064\004\070\000\040\004\061\004\073\004\076\004\072\000-\004\101\004\105\004\065\004\074}{appendix.A}% 108
